#
# There is insufficient memory for the Java Runtime Environment to continue.
# Native memory allocation (malloc) failed to allocate 353216 bytes for Chunk::new
# Possible reasons:
#   The system is out of physical RAM or swap space
#   The process is running with CompressedOops enabled, and the Java Heap may be blocking the growth of the native heap
# Possible solutions:
#   Reduce memory load on the system
#   Increase physical memory or swap space
#   Check if swap backing store is full
#   Decrease Java heap size (-Xmx/-Xms)
#   Decrease number of Java threads
#   Decrease Java thread stack sizes (-Xss)
#   Set larger code cache with -XX:ReservedCodeCacheSize=
#   JVM is running with Unscaled Compressed Oops mode in which the Java heap is
#     placed in the first 4GB address space. The Java Heap base address is the
#     maximum limit for the native heap growth. Please use -XX:HeapBaseMinAddress
#     to set the Java Heap base and to place the Java Heap above 4GB virtual address.
# This output file may be truncated or incomplete.
#
#  Out of Memory Error (arena.cpp:189), pid=119608, tid=119192
#
# JRE version: Java(TM) SE Runtime Environment (17.0.3+8) (build 17.0.3+8-LTS-111)
# Java VM: Java HotSpot(TM) 64-Bit Server VM (17.0.3+8-LTS-111, mixed mode, sharing, tiered, compressed oops, compressed class ptrs, g1 gc, windows-amd64)
# No core dump will be written. Minidumps are not enabled by default on client versions of Windows
#

---------------  S U M M A R Y ------------

Command Line: -javaagent:C:\Program Files\JetBrains\IntelliJ IDEA Community Edition 2021.2.3\lib\idea_rt.jar=50621:C:\Program Files\JetBrains\IntelliJ IDEA Community Edition 2021.2.3\bin -Dfile.encoding=UTF-8 indocyber.exam.ExamHotelApplication

Host: AMD Ryzen 5 5500U with Radeon Graphics         , 12 cores, 5G,  Windows 10 , 64 bit Build 19041 (10.0.19041.1889)
Time: Fri Sep  2 16:09:56 2022 SE Asia Standard Time elapsed time: 548.410251 seconds (0d 0h 9m 8s)

---------------  T H R E A D  ---------------

Current thread (0x000001f67d1dbf10):  JavaThread "C2 CompilerThread0" daemon [_thread_in_native, id=119192, stack(0x000000201fa00000,0x000000201fb00000)]


Current CompileTask:
C2: 548410 8786       4       java.util.concurrent.ConcurrentHashMap$CollectionView::toArray (204 bytes)

Stack: [0x000000201fa00000,0x000000201fb00000]
Native frames: (J=compiled Java code, j=interpreted, Vv=VM code, C=native code)
V  [jvm.dll+0x6711ba]
V  [jvm.dll+0x7d0834]
V  [jvm.dll+0x7d1fde]
V  [jvm.dll+0x7d2643]
V  [jvm.dll+0x242c85]
V  [jvm.dll+0xaa57b]
V  [jvm.dll+0xaab0c]
V  [jvm.dll+0x2a99df]
V  [jvm.dll+0x579889]
V  [jvm.dll+0x21defd]
V  [jvm.dll+0x21741f]
V  [jvm.dll+0x21507b]
V  [jvm.dll+0x1a1c3d]
V  [jvm.dll+0x2249c8]
V  [jvm.dll+0x222b2c]
V  [jvm.dll+0x78650b]
V  [jvm.dll+0x780aca]
V  [jvm.dll+0x670045]
C  [ucrtbase.dll+0x21bb2]
C  [KERNEL32.DLL+0x17034]
C  [ntdll.dll+0x52651]


---------------  P R O C E S S  ---------------

Threads class SMR info:
_java_thread_list=0x000001f612a185e0, length=29, elements={
0x000001f67d1c3020, 0x000001f67d1c3da0, 0x000001f67d1d44b0, 0x000001f67d1d8d90,
0x000001f67d1d9a50, 0x000001f67d1da310, 0x000001f67d1dbf10, 0x000001f67d1de8d0,
0x000001f67d1eb030, 0x000001f67d1acd40, 0x000001f67de675a0, 0x000001f67de6af90,
0x000001f67f0c60e0, 0x000001f67f0c5740, 0x000001f67f0c5c10, 0x000001f67f0c6f50,
0x000001f67f0c78f0, 0x000001f67f0c3f30, 0x000001f67f0c4400, 0x000001f67f0c48d0,
0x000001f67f0c6a80, 0x000001f612d52a50, 0x000001f612d51be0, 0x000001f612d4ff00,
0x000001f612d520b0, 0x000001f612d52580, 0x000001f612d538c0, 0x000001f612d52f20,
0x000001f612d503d0
}

Java Threads: ( => current thread )
  0x000001f67d1c3020 JavaThread "Reference Handler" daemon [_thread_blocked, id=115084, stack(0x000000201f400000,0x000000201f500000)]
  0x000001f67d1c3da0 JavaThread "Finalizer" daemon [_thread_blocked, id=118484, stack(0x000000201f500000,0x000000201f600000)]
  0x000001f67d1d44b0 JavaThread "Signal Dispatcher" daemon [_thread_blocked, id=111216, stack(0x000000201f600000,0x000000201f700000)]
  0x000001f67d1d8d90 JavaThread "Attach Listener" daemon [_thread_blocked, id=73268, stack(0x000000201f700000,0x000000201f800000)]
  0x000001f67d1d9a50 JavaThread "Service Thread" daemon [_thread_blocked, id=115892, stack(0x000000201f800000,0x000000201f900000)]
  0x000001f67d1da310 JavaThread "Monitor Deflation Thread" daemon [_thread_blocked, id=78076, stack(0x000000201f900000,0x000000201fa00000)]
=>0x000001f67d1dbf10 JavaThread "C2 CompilerThread0" daemon [_thread_in_native, id=119192, stack(0x000000201fa00000,0x000000201fb00000)]
  0x000001f67d1de8d0 JavaThread "C1 CompilerThread0" daemon [_thread_blocked, id=112500, stack(0x000000201fb00000,0x000000201fc00000)]
  0x000001f67d1eb030 JavaThread "Sweeper thread" daemon [_thread_blocked, id=108420, stack(0x000000201fc00000,0x000000201fd00000)]
  0x000001f67d1acd40 JavaThread "Common-Cleaner" daemon [_thread_blocked, id=90188, stack(0x000000201fd00000,0x000000201fe00000)]
  0x000001f67de675a0 JavaThread "Monitor Ctrl-Break" daemon [_thread_in_native, id=108548, stack(0x000000201fe00000,0x000000201ff00000)]
  0x000001f67de6af90 JavaThread "Notification Thread" daemon [_thread_blocked, id=116172, stack(0x000000201ff00000,0x0000002020000000)]
  0x000001f67f0c60e0 JavaThread "HikariPool-1 housekeeper" daemon [_thread_blocked, id=107004, stack(0x0000002020e00000,0x0000002020f00000)]
  0x000001f67f0c5740 JavaThread "Catalina-utility-1" [_thread_blocked, id=108440, stack(0x0000002021000000,0x0000002021100000)]
  0x000001f67f0c5c10 JavaThread "Catalina-utility-2" [_thread_blocked, id=112664, stack(0x0000002021100000,0x0000002021200000)]
  0x000001f67f0c6f50 JavaThread "container-0" [_thread_blocked, id=112408, stack(0x0000002021200000,0x0000002021300000)]
  0x000001f67f0c78f0 JavaThread "http-nio-8080-Poller" daemon [_thread_in_native, id=119732, stack(0x0000002021300000,0x0000002021400000)]
  0x000001f67f0c3f30 JavaThread "http-nio-8080-Acceptor" daemon [_thread_in_native, id=115640, stack(0x0000002021400000,0x0000002021500000)]
  0x000001f67f0c4400 JavaThread "DestroyJavaVM" [_thread_blocked, id=117512, stack(0x000000201ed00000,0x000000201ee00000)]
  0x000001f67f0c48d0 JavaThread "http-nio-8080-exec-1" daemon [_thread_blocked, id=116988, stack(0x0000002020f00000,0x0000002021000000)]
  0x000001f67f0c6a80 JavaThread "http-nio-8080-exec-2" daemon [_thread_blocked, id=84888, stack(0x0000002021500000,0x0000002021600000)]
  0x000001f612d52a50 JavaThread "http-nio-8080-exec-3" daemon [_thread_blocked, id=116788, stack(0x0000002021600000,0x0000002021700000)]
  0x000001f612d51be0 JavaThread "http-nio-8080-exec-4" daemon [_thread_blocked, id=116480, stack(0x0000002021700000,0x0000002021800000)]
  0x000001f612d4ff00 JavaThread "http-nio-8080-exec-5" daemon [_thread_blocked, id=119376, stack(0x0000002021800000,0x0000002021900000)]
  0x000001f612d520b0 JavaThread "http-nio-8080-exec-6" daemon [_thread_blocked, id=119728, stack(0x0000002021900000,0x0000002021a00000)]
  0x000001f612d52580 JavaThread "http-nio-8080-exec-7" daemon [_thread_blocked, id=119020, stack(0x0000002021a00000,0x0000002021b00000)]
  0x000001f612d538c0 JavaThread "http-nio-8080-exec-8" daemon [_thread_blocked, id=97836, stack(0x0000002021b00000,0x0000002021c00000)]
  0x000001f612d52f20 JavaThread "http-nio-8080-exec-9" daemon [_thread_blocked, id=118652, stack(0x0000002021c00000,0x0000002021d00000)]
  0x000001f612d503d0 JavaThread "http-nio-8080-exec-10" daemon [_thread_blocked, id=118452, stack(0x0000002021d00000,0x0000002021e00000)]

Other Threads:
  0x000001f67d1bc500 VMThread "VM Thread" [stack: 0x000000201f300000,0x000000201f400000] [id=117232]
  0x000001f66f04cfc0 WatcherThread [stack: 0x0000002020000000,0x0000002020100000] [id=119076]
  0x000001f66f037ff0 GCTaskThread "GC Thread#0" [stack: 0x000000201ee00000,0x000000201ef00000] [id=115956]
  0x000001f67eaeebb0 GCTaskThread "GC Thread#1" [stack: 0x0000002020100000,0x0000002020200000] [id=96468]
  0x000001f67eb08480 GCTaskThread "GC Thread#2" [stack: 0x0000002020200000,0x0000002020300000] [id=118544]
  0x000001f67e9738c0 GCTaskThread "GC Thread#3" [stack: 0x0000002020300000,0x0000002020400000] [id=119080]
  0x000001f67eaf4f30 GCTaskThread "GC Thread#4" [stack: 0x0000002020400000,0x0000002020500000] [id=63360]
  0x000001f67e4d5ab0 GCTaskThread "GC Thread#5" [stack: 0x0000002020500000,0x0000002020600000] [id=113684]
  0x000001f67e6909e0 GCTaskThread "GC Thread#6" [stack: 0x0000002020600000,0x0000002020700000] [id=106608]
  0x000001f67eab3200 GCTaskThread "GC Thread#7" [stack: 0x0000002020800000,0x0000002020900000] [id=108276]
  0x000001f67ef9e8e0 GCTaskThread "GC Thread#8" [stack: 0x0000002020900000,0x0000002020a00000] [id=117152]
  0x000001f67ef9eb90 GCTaskThread "GC Thread#9" [stack: 0x0000002020a00000,0x0000002020b00000] [id=117212]
  0x000001f66f045a10 ConcurrentGCThread "G1 Main Marker" [stack: 0x000000201ef00000,0x000000201f000000] [id=116124]
  0x000001f66f046330 ConcurrentGCThread "G1 Conc#0" [stack: 0x000000201f000000,0x000000201f100000] [id=116512]
  0x000001f67f0095e0 ConcurrentGCThread "G1 Conc#1" [stack: 0x0000002020700000,0x0000002020800000] [id=111784]
  0x000001f67f009890 ConcurrentGCThread "G1 Conc#2" [stack: 0x0000002020b00000,0x0000002020c00000] [id=117464]
  0x000001f66f0beb00 ConcurrentGCThread "G1 Refine#0" [stack: 0x000000201f100000,0x000000201f200000] [id=88012]
  0x000001f67d07b660 ConcurrentGCThread "G1 Service" [stack: 0x000000201f200000,0x000000201f300000] [id=110788]

Threads with active compile tasks:
C2 CompilerThread0   548439 8786       4       java.util.concurrent.ConcurrentHashMap$CollectionView::toArray (204 bytes)

VM state: not at safepoint (normal execution)

VM Mutex/Monitor currently owned by a thread: None

Heap address: 0x00000000a2200000, size: 1502 MB, Compressed Oops mode: 32-bit

CDS archive(s) mapped at: [0x0000000800000000-0x0000000800bc0000-0x0000000800bc0000), size 12320768, SharedBaseAddress: 0x0000000800000000, ArchiveRelocationMode: 0.
Compressed class space mapped at: 0x0000000800c00000-0x0000000840c00000, reserved size: 1073741824
Narrow klass base: 0x0000000800000000, Narrow klass shift: 0, Narrow klass range: 0x100000000

GC Precious Log:
 CPUs: 12 total, 12 available
 Memory: 6005M
 Large Page Support: Disabled
 NUMA Support: Disabled
 Compressed Oops: Enabled (32-bit)
 Heap Region Size: 1M
 Heap Min Capacity: 8M
 Heap Initial Capacity: 94M
 Heap Max Capacity: 1502M
 Pre-touch: Disabled
 Parallel Workers: 10
 Concurrent Workers: 3
 Concurrent Refinement Workers: 10
 Periodic GC: Disabled

Heap:
 garbage-first heap   total 180224K, used 101249K [0x00000000a2200000, 0x0000000100000000)
  region size 1024K, 56 young (57344K), 8 survivors (8192K)
 Metaspace       used 74331K, committed 74880K, reserved 1114112K
  class space    used 9682K, committed 9920K, reserved 1048576K

Heap Regions: E=young(eden), S=young(survivor), O=old, HS=humongous(starts), HC=humongous(continues), CS=collection set, F=free, OA=open archive, CA=closed archive, TAMS=top-at-mark-start (previous, next)
|   0|0x00000000a2200000, 0x00000000a2300000, 0x00000000a2300000|100%|HS|  |TAMS 0x00000000a2300000, 0x00000000a2200000| Complete 
|   1|0x00000000a2300000, 0x00000000a2400000, 0x00000000a2400000|100%| O|  |TAMS 0x00000000a2400000, 0x00000000a2300000| Untracked 
|   2|0x00000000a2400000, 0x00000000a2500000, 0x00000000a2500000|100%| O|  |TAMS 0x00000000a2500000, 0x00000000a2400000| Untracked 
|   3|0x00000000a2500000, 0x00000000a2600000, 0x00000000a2600000|100%| O|  |TAMS 0x00000000a2600000, 0x00000000a2500000| Untracked 
|   4|0x00000000a2600000, 0x00000000a2700000, 0x00000000a2700000|100%| O|  |TAMS 0x00000000a2700000, 0x00000000a2600000| Untracked 
|   5|0x00000000a2700000, 0x00000000a2800000, 0x00000000a2800000|100%| O|  |TAMS 0x00000000a2800000, 0x00000000a2700000| Untracked 
|   6|0x00000000a2800000, 0x00000000a2900000, 0x00000000a2900000|100%| O|  |TAMS 0x00000000a2900000, 0x00000000a2800000| Untracked 
|   7|0x00000000a2900000, 0x00000000a2a00000, 0x00000000a2a00000|100%| O|  |TAMS 0x00000000a2a00000, 0x00000000a2900000| Untracked 
|   8|0x00000000a2a00000, 0x00000000a2b00000, 0x00000000a2b00000|100%| O|  |TAMS 0x00000000a2b00000, 0x00000000a2a00000| Untracked 
|   9|0x00000000a2b00000, 0x00000000a2b00000, 0x00000000a2c00000|  0%| F|  |TAMS 0x00000000a2b00000, 0x00000000a2b00000| Untracked 
|  10|0x00000000a2c00000, 0x00000000a2d00000, 0x00000000a2d00000|100%| O|  |TAMS 0x00000000a2d00000, 0x00000000a2c00000| Untracked 
|  11|0x00000000a2d00000, 0x00000000a2e00000, 0x00000000a2e00000|100%| O|  |TAMS 0x00000000a2e00000, 0x00000000a2d00000| Untracked 
|  12|0x00000000a2e00000, 0x00000000a2f00000, 0x00000000a2f00000|100%| O|  |TAMS 0x00000000a2f00000, 0x00000000a2e00000| Untracked 
|  13|0x00000000a2f00000, 0x00000000a3000000, 0x00000000a3000000|100%| O|  |TAMS 0x00000000a3000000, 0x00000000a2f00000| Untracked 
|  14|0x00000000a3000000, 0x00000000a3100000, 0x00000000a3100000|100%| O|  |TAMS 0x00000000a3100000, 0x00000000a3000000| Untracked 
|  15|0x00000000a3100000, 0x00000000a3200000, 0x00000000a3200000|100%| O|  |TAMS 0x00000000a3200000, 0x00000000a3100000| Untracked 
|  16|0x00000000a3200000, 0x00000000a3300000, 0x00000000a3300000|100%| O|  |TAMS 0x00000000a3300000, 0x00000000a3200000| Untracked 
|  17|0x00000000a3300000, 0x00000000a3400000, 0x00000000a3400000|100%| O|  |TAMS 0x00000000a3400000, 0x00000000a3300000| Untracked 
|  18|0x00000000a3400000, 0x00000000a3500000, 0x00000000a3500000|100%| O|  |TAMS 0x00000000a3500000, 0x00000000a3400000| Untracked 
|  19|0x00000000a3500000, 0x00000000a3600000, 0x00000000a3600000|100%| O|  |TAMS 0x00000000a3600000, 0x00000000a3500000| Untracked 
|  20|0x00000000a3600000, 0x00000000a3700000, 0x00000000a3700000|100%| O|  |TAMS 0x00000000a3700000, 0x00000000a3600000| Untracked 
|  21|0x00000000a3700000, 0x00000000a3800000, 0x00000000a3800000|100%| O|  |TAMS 0x00000000a3800000, 0x00000000a3700000| Untracked 
|  22|0x00000000a3800000, 0x00000000a3900000, 0x00000000a3900000|100%| O|  |TAMS 0x00000000a3900000, 0x00000000a3800000| Untracked 
|  23|0x00000000a3900000, 0x00000000a3a00000, 0x00000000a3a00000|100%| O|  |TAMS 0x00000000a3a00000, 0x00000000a3900000| Untracked 
|  24|0x00000000a3a00000, 0x00000000a3b00000, 0x00000000a3b00000|100%| O|  |TAMS 0x00000000a3b00000, 0x00000000a3a00000| Untracked 
|  25|0x00000000a3b00000, 0x00000000a3c00000, 0x00000000a3c00000|100%| O|  |TAMS 0x00000000a3c00000, 0x00000000a3b00000| Untracked 
|  26|0x00000000a3c00000, 0x00000000a3d00000, 0x00000000a3d00000|100%| O|  |TAMS 0x00000000a3d00000, 0x00000000a3c00000| Untracked 
|  27|0x00000000a3d00000, 0x00000000a3e00000, 0x00000000a3e00000|100%| O|  |TAMS 0x00000000a3d00000, 0x00000000a3d00000| Untracked 
|  28|0x00000000a3e00000, 0x00000000a3f00000, 0x00000000a3f00000|100%| O|  |TAMS 0x00000000a3f00000, 0x00000000a3e00000| Untracked 
|  29|0x00000000a3f00000, 0x00000000a4000000, 0x00000000a4000000|100%| O|  |TAMS 0x00000000a4000000, 0x00000000a3f00000| Untracked 
|  30|0x00000000a4000000, 0x00000000a4100000, 0x00000000a4100000|100%| O|  |TAMS 0x00000000a4100000, 0x00000000a4000000| Untracked 
|  31|0x00000000a4100000, 0x00000000a4200000, 0x00000000a4200000|100%| O|  |TAMS 0x00000000a4200000, 0x00000000a4100000| Untracked 
|  32|0x00000000a4200000, 0x00000000a4300000, 0x00000000a4300000|100%| O|  |TAMS 0x00000000a4300000, 0x00000000a4200000| Untracked 
|  33|0x00000000a4300000, 0x00000000a4400000, 0x00000000a4400000|100%| O|  |TAMS 0x00000000a4400000, 0x00000000a4300000| Untracked 
|  34|0x00000000a4400000, 0x00000000a4500000, 0x00000000a4500000|100%| O|  |TAMS 0x00000000a4500000, 0x00000000a4400000| Untracked 
|  35|0x00000000a4500000, 0x00000000a4600000, 0x00000000a4600000|100%| O|  |TAMS 0x00000000a454bc00, 0x00000000a4500000| Untracked 
|  36|0x00000000a4600000, 0x00000000a4700000, 0x00000000a4700000|100%| O|  |TAMS 0x00000000a4600000, 0x00000000a4600000| Untracked 
|  37|0x00000000a4700000, 0x00000000a4800000, 0x00000000a4800000|100%| O|  |TAMS 0x00000000a4700000, 0x00000000a4700000| Untracked 
|  38|0x00000000a4800000, 0x00000000a4900000, 0x00000000a4900000|100%| O|  |TAMS 0x00000000a4800000, 0x00000000a4800000| Untracked 
|  39|0x00000000a4900000, 0x00000000a4a00000, 0x00000000a4a00000|100%| O|  |TAMS 0x00000000a4900000, 0x00000000a4900000| Untracked 
|  40|0x00000000a4a00000, 0x00000000a4b00000, 0x00000000a4b00000|100%| O|  |TAMS 0x00000000a4a00000, 0x00000000a4a00000| Untracked 
|  41|0x00000000a4b00000, 0x00000000a4c00000, 0x00000000a4c00000|100%| O|  |TAMS 0x00000000a4b00000, 0x00000000a4b00000| Untracked 
|  42|0x00000000a4c00000, 0x00000000a4d00000, 0x00000000a4d00000|100%| O|  |TAMS 0x00000000a4c00000, 0x00000000a4c00000| Untracked 
|  43|0x00000000a4d00000, 0x00000000a4e00000, 0x00000000a4e00000|100%| O|  |TAMS 0x00000000a4d00000, 0x00000000a4d00000| Untracked 
|  44|0x00000000a4e00000, 0x00000000a4f00000, 0x00000000a4f00000|100%| O|  |TAMS 0x00000000a4e00000, 0x00000000a4e00000| Untracked 
|  45|0x00000000a4f00000, 0x00000000a4fd6a00, 0x00000000a5000000| 83%| O|  |TAMS 0x00000000a4f00000, 0x00000000a4f00000| Untracked 
|  46|0x00000000a5000000, 0x00000000a5000000, 0x00000000a5100000|  0%| F|  |TAMS 0x00000000a5000000, 0x00000000a5000000| Untracked 
|  47|0x00000000a5100000, 0x00000000a5100000, 0x00000000a5200000|  0%| F|  |TAMS 0x00000000a5100000, 0x00000000a5100000| Untracked 
|  48|0x00000000a5200000, 0x00000000a5200000, 0x00000000a5300000|  0%| F|  |TAMS 0x00000000a5200000, 0x00000000a5200000| Untracked 
|  49|0x00000000a5300000, 0x00000000a5300000, 0x00000000a5400000|  0%| F|  |TAMS 0x00000000a5300000, 0x00000000a5300000| Untracked 
|  50|0x00000000a5400000, 0x00000000a5400000, 0x00000000a5500000|  0%| F|  |TAMS 0x00000000a5400000, 0x00000000a5400000| Untracked 
|  51|0x00000000a5500000, 0x00000000a5500000, 0x00000000a5600000|  0%| F|  |TAMS 0x00000000a5500000, 0x00000000a5500000| Untracked 
|  52|0x00000000a5600000, 0x00000000a5600000, 0x00000000a5700000|  0%| F|  |TAMS 0x00000000a5600000, 0x00000000a5600000| Untracked 
|  53|0x00000000a5700000, 0x00000000a5700000, 0x00000000a5800000|  0%| F|  |TAMS 0x00000000a5700000, 0x00000000a5700000| Untracked 
|  54|0x00000000a5800000, 0x00000000a5800000, 0x00000000a5900000|  0%| F|  |TAMS 0x00000000a5800000, 0x00000000a5800000| Untracked 
|  55|0x00000000a5900000, 0x00000000a5900000, 0x00000000a5a00000|  0%| F|  |TAMS 0x00000000a5900000, 0x00000000a5900000| Untracked 
|  56|0x00000000a5a00000, 0x00000000a5a00000, 0x00000000a5b00000|  0%| F|  |TAMS 0x00000000a5a00000, 0x00000000a5a00000| Untracked 
|  57|0x00000000a5b00000, 0x00000000a5b00000, 0x00000000a5c00000|  0%| F|  |TAMS 0x00000000a5b00000, 0x00000000a5b00000| Untracked 
|  58|0x00000000a5c00000, 0x00000000a5c00000, 0x00000000a5d00000|  0%| F|  |TAMS 0x00000000a5c00000, 0x00000000a5c00000| Untracked 
|  59|0x00000000a5d00000, 0x00000000a5d00000, 0x00000000a5e00000|  0%| F|  |TAMS 0x00000000a5d00000, 0x00000000a5d00000| Untracked 
|  60|0x00000000a5e00000, 0x00000000a5e00000, 0x00000000a5f00000|  0%| F|  |TAMS 0x00000000a5e00000, 0x00000000a5e00000| Untracked 
|  61|0x00000000a5f00000, 0x00000000a5f00000, 0x00000000a6000000|  0%| F|  |TAMS 0x00000000a5f00000, 0x00000000a5f00000| Untracked 
|  62|0x00000000a6000000, 0x00000000a6000000, 0x00000000a6100000|  0%| F|  |TAMS 0x00000000a6000000, 0x00000000a6000000| Untracked 
|  63|0x00000000a6100000, 0x00000000a6100000, 0x00000000a6200000|  0%| F|  |TAMS 0x00000000a6100000, 0x00000000a6100000| Untracked 
|  64|0x00000000a6200000, 0x00000000a6200000, 0x00000000a6300000|  0%| F|  |TAMS 0x00000000a6200000, 0x00000000a6200000| Untracked 
|  65|0x00000000a6300000, 0x00000000a6300000, 0x00000000a6400000|  0%| F|  |TAMS 0x00000000a6300000, 0x00000000a6300000| Untracked 
|  66|0x00000000a6400000, 0x00000000a6400000, 0x00000000a6500000|  0%| F|  |TAMS 0x00000000a6400000, 0x00000000a6400000| Untracked 
|  67|0x00000000a6500000, 0x00000000a6500000, 0x00000000a6600000|  0%| F|  |TAMS 0x00000000a6500000, 0x00000000a6500000| Untracked 
|  68|0x00000000a6600000, 0x00000000a6600000, 0x00000000a6700000|  0%| F|  |TAMS 0x00000000a6600000, 0x00000000a6600000| Untracked 
|  69|0x00000000a6700000, 0x00000000a6700000, 0x00000000a6800000|  0%| F|  |TAMS 0x00000000a6700000, 0x00000000a6700000| Untracked 
|  70|0x00000000a6800000, 0x00000000a6800000, 0x00000000a6900000|  0%| F|  |TAMS 0x00000000a6800000, 0x00000000a6800000| Untracked 
|  71|0x00000000a6900000, 0x00000000a6900000, 0x00000000a6a00000|  0%| F|  |TAMS 0x00000000a6900000, 0x00000000a6900000| Untracked 
|  72|0x00000000a6a00000, 0x00000000a6a00000, 0x00000000a6b00000|  0%| F|  |TAMS 0x00000000a6a00000, 0x00000000a6a00000| Untracked 
|  73|0x00000000a6b00000, 0x00000000a6b00000, 0x00000000a6c00000|  0%| F|  |TAMS 0x00000000a6b00000, 0x00000000a6b00000| Untracked 
|  74|0x00000000a6c00000, 0x00000000a6c00000, 0x00000000a6d00000|  0%| F|  |TAMS 0x00000000a6c00000, 0x00000000a6c00000| Untracked 
|  75|0x00000000a6d00000, 0x00000000a6d00000, 0x00000000a6e00000|  0%| F|  |TAMS 0x00000000a6d00000, 0x00000000a6d00000| Untracked 
|  76|0x00000000a6e00000, 0x00000000a6e00000, 0x00000000a6f00000|  0%| F|  |TAMS 0x00000000a6e00000, 0x00000000a6e00000| Untracked 
|  77|0x00000000a6f00000, 0x00000000a6f00000, 0x00000000a7000000|  0%| F|  |TAMS 0x00000000a6f00000, 0x00000000a6f00000| Untracked 
|  78|0x00000000a7000000, 0x00000000a7000000, 0x00000000a7100000|  0%| F|  |TAMS 0x00000000a7000000, 0x00000000a7000000| Untracked 
|  79|0x00000000a7100000, 0x00000000a7100000, 0x00000000a7200000|  0%| F|  |TAMS 0x00000000a7100000, 0x00000000a7100000| Untracked 
|  80|0x00000000a7200000, 0x00000000a7200000, 0x00000000a7300000|  0%| F|  |TAMS 0x00000000a7200000, 0x00000000a7200000| Untracked 
|  81|0x00000000a7300000, 0x00000000a7300000, 0x00000000a7400000|  0%| F|  |TAMS 0x00000000a7300000, 0x00000000a7300000| Untracked 
|  82|0x00000000a7400000, 0x00000000a7400000, 0x00000000a7500000|  0%| F|  |TAMS 0x00000000a7400000, 0x00000000a7400000| Untracked 
|  83|0x00000000a7500000, 0x00000000a7500000, 0x00000000a7600000|  0%| F|  |TAMS 0x00000000a7500000, 0x00000000a7500000| Untracked 
|  84|0x00000000a7600000, 0x00000000a7600000, 0x00000000a7700000|  0%| F|  |TAMS 0x00000000a7600000, 0x00000000a7600000| Untracked 
|  85|0x00000000a7700000, 0x00000000a7700000, 0x00000000a7800000|  0%| F|  |TAMS 0x00000000a7700000, 0x00000000a7700000| Untracked 
|  86|0x00000000a7800000, 0x00000000a7800000, 0x00000000a7900000|  0%| F|  |TAMS 0x00000000a7800000, 0x00000000a7800000| Untracked 
|  87|0x00000000a7900000, 0x00000000a7900000, 0x00000000a7a00000|  0%| F|  |TAMS 0x00000000a7900000, 0x00000000a7900000| Untracked 
|  88|0x00000000a7a00000, 0x00000000a7a00000, 0x00000000a7b00000|  0%| F|  |TAMS 0x00000000a7a00000, 0x00000000a7a00000| Untracked 
|  89|0x00000000a7b00000, 0x00000000a7b00000, 0x00000000a7c00000|  0%| F|  |TAMS 0x00000000a7b00000, 0x00000000a7b00000| Untracked 
|  90|0x00000000a7c00000, 0x00000000a7c00000, 0x00000000a7d00000|  0%| F|  |TAMS 0x00000000a7c00000, 0x00000000a7c00000| Untracked 
|  91|0x00000000a7d00000, 0x00000000a7d00000, 0x00000000a7e00000|  0%| F|  |TAMS 0x00000000a7d00000, 0x00000000a7d00000| Untracked 
|  92|0x00000000a7e00000, 0x00000000a7e00000, 0x00000000a7f00000|  0%| F|  |TAMS 0x00000000a7e00000, 0x00000000a7e00000| Untracked 
|  93|0x00000000a7f00000, 0x00000000a7f00000, 0x00000000a8000000|  0%| F|  |TAMS 0x00000000a7f00000, 0x00000000a7f00000| Untracked 
|  94|0x00000000a8000000, 0x00000000a8000000, 0x00000000a8100000|  0%| F|  |TAMS 0x00000000a8000000, 0x00000000a8000000| Untracked 
|  95|0x00000000a8100000, 0x00000000a8100000, 0x00000000a8200000|  0%| F|  |TAMS 0x00000000a8100000, 0x00000000a8100000| Untracked 
|  96|0x00000000a8200000, 0x00000000a8209c80, 0x00000000a8300000|  3%| S|CS|TAMS 0x00000000a8200000, 0x00000000a8200000| Complete 
|  97|0x00000000a8300000, 0x00000000a8400000, 0x00000000a8400000|100%| S|CS|TAMS 0x00000000a8300000, 0x00000000a8300000| Complete 
|  98|0x00000000a8400000, 0x00000000a8500000, 0x00000000a8500000|100%| S|CS|TAMS 0x00000000a8400000, 0x00000000a8400000| Complete 
|  99|0x00000000a8500000, 0x00000000a8600000, 0x00000000a8600000|100%| S|CS|TAMS 0x00000000a8500000, 0x00000000a8500000| Complete 
| 100|0x00000000a8600000, 0x00000000a8700000, 0x00000000a8700000|100%| S|CS|TAMS 0x00000000a8600000, 0x00000000a8600000| Complete 
| 101|0x00000000a8700000, 0x00000000a8800000, 0x00000000a8800000|100%| S|CS|TAMS 0x00000000a8700000, 0x00000000a8700000| Complete 
| 102|0x00000000a8800000, 0x00000000a8900000, 0x00000000a8900000|100%| S|CS|TAMS 0x00000000a8800000, 0x00000000a8800000| Complete 
| 103|0x00000000a8900000, 0x00000000a8a00000, 0x00000000a8a00000|100%| S|CS|TAMS 0x00000000a8900000, 0x00000000a8900000| Complete 
| 104|0x00000000a8a00000, 0x00000000a8a00000, 0x00000000a8b00000|  0%| F|  |TAMS 0x00000000a8a00000, 0x00000000a8a00000| Untracked 
| 105|0x00000000a8b00000, 0x00000000a8b00000, 0x00000000a8c00000|  0%| F|  |TAMS 0x00000000a8b00000, 0x00000000a8b00000| Untracked 
| 106|0x00000000a8c00000, 0x00000000a8c00000, 0x00000000a8d00000|  0%| F|  |TAMS 0x00000000a8c00000, 0x00000000a8c00000| Untracked 
| 107|0x00000000a8d00000, 0x00000000a8d00000, 0x00000000a8e00000|  0%| F|  |TAMS 0x00000000a8d00000, 0x00000000a8d00000| Untracked 
| 108|0x00000000a8e00000, 0x00000000a8e00000, 0x00000000a8f00000|  0%| F|  |TAMS 0x00000000a8e00000, 0x00000000a8e00000| Untracked 
| 109|0x00000000a8f00000, 0x00000000a8f00000, 0x00000000a9000000|  0%| F|  |TAMS 0x00000000a8f00000, 0x00000000a8f00000| Untracked 
| 110|0x00000000a9000000, 0x00000000a9000000, 0x00000000a9100000|  0%| F|  |TAMS 0x00000000a9000000, 0x00000000a9000000| Untracked 
| 111|0x00000000a9100000, 0x00000000a9100000, 0x00000000a9200000|  0%| F|  |TAMS 0x00000000a9100000, 0x00000000a9100000| Untracked 
| 112|0x00000000a9200000, 0x00000000a9200000, 0x00000000a9300000|  0%| F|  |TAMS 0x00000000a9200000, 0x00000000a9200000| Untracked 
| 113|0x00000000a9300000, 0x00000000a9300000, 0x00000000a9400000|  0%| F|  |TAMS 0x00000000a9300000, 0x00000000a9300000| Untracked 
| 114|0x00000000a9400000, 0x00000000a9400000, 0x00000000a9500000|  0%| F|  |TAMS 0x00000000a9400000, 0x00000000a9400000| Untracked 
| 115|0x00000000a9500000, 0x00000000a9500000, 0x00000000a9600000|  0%| F|  |TAMS 0x00000000a9500000, 0x00000000a9500000| Untracked 
| 116|0x00000000a9600000, 0x00000000a9600000, 0x00000000a9700000|  0%| F|  |TAMS 0x00000000a9600000, 0x00000000a9600000| Untracked 
| 117|0x00000000a9700000, 0x00000000a9700000, 0x00000000a9800000|  0%| F|  |TAMS 0x00000000a9700000, 0x00000000a9700000| Untracked 
| 118|0x00000000a9800000, 0x00000000a9800000, 0x00000000a9900000|  0%| F|  |TAMS 0x00000000a9800000, 0x00000000a9800000| Untracked 
| 119|0x00000000a9900000, 0x00000000a9900000, 0x00000000a9a00000|  0%| F|  |TAMS 0x00000000a9900000, 0x00000000a9900000| Untracked 
| 120|0x00000000a9a00000, 0x00000000a9a00000, 0x00000000a9b00000|  0%| F|  |TAMS 0x00000000a9a00000, 0x00000000a9a00000| Untracked 
| 121|0x00000000a9b00000, 0x00000000a9b00000, 0x00000000a9c00000|  0%| F|  |TAMS 0x00000000a9b00000, 0x00000000a9b00000| Untracked 
| 122|0x00000000a9c00000, 0x00000000a9c00000, 0x00000000a9d00000|  0%| F|  |TAMS 0x00000000a9c00000, 0x00000000a9c00000| Untracked 
| 123|0x00000000a9d00000, 0x00000000a9d00000, 0x00000000a9e00000|  0%| F|  |TAMS 0x00000000a9d00000, 0x00000000a9d00000| Untracked 
| 124|0x00000000a9e00000, 0x00000000a9e00000, 0x00000000a9f00000|  0%| F|  |TAMS 0x00000000a9e00000, 0x00000000a9e00000| Untracked 
| 125|0x00000000a9f00000, 0x00000000a9f00000, 0x00000000aa000000|  0%| F|  |TAMS 0x00000000a9f00000, 0x00000000a9f00000| Untracked 
| 126|0x00000000aa000000, 0x00000000aa000000, 0x00000000aa100000|  0%| F|  |TAMS 0x00000000aa000000, 0x00000000aa000000| Untracked 
| 127|0x00000000aa100000, 0x00000000aa100000, 0x00000000aa200000|  0%| F|  |TAMS 0x00000000aa100000, 0x00000000aa100000| Untracked 
| 128|0x00000000aa200000, 0x00000000aa214560, 0x00000000aa300000|  7%| E|  |TAMS 0x00000000aa200000, 0x00000000aa200000| Complete 
| 129|0x00000000aa300000, 0x00000000aa400000, 0x00000000aa400000|100%| E|CS|TAMS 0x00000000aa300000, 0x00000000aa300000| Complete 
| 130|0x00000000aa400000, 0x00000000aa500000, 0x00000000aa500000|100%| E|CS|TAMS 0x00000000aa400000, 0x00000000aa400000| Complete 
| 131|0x00000000aa500000, 0x00000000aa600000, 0x00000000aa600000|100%| E|CS|TAMS 0x00000000aa500000, 0x00000000aa500000| Complete 
| 132|0x00000000aa600000, 0x00000000aa700000, 0x00000000aa700000|100%| E|CS|TAMS 0x00000000aa600000, 0x00000000aa600000| Complete 
| 133|0x00000000aa700000, 0x00000000aa800000, 0x00000000aa800000|100%| E|CS|TAMS 0x00000000aa700000, 0x00000000aa700000| Complete 
| 134|0x00000000aa800000, 0x00000000aa900000, 0x00000000aa900000|100%| E|CS|TAMS 0x00000000aa800000, 0x00000000aa800000| Complete 
| 135|0x00000000aa900000, 0x00000000aaa00000, 0x00000000aaa00000|100%| E|CS|TAMS 0x00000000aa900000, 0x00000000aa900000| Complete 
| 136|0x00000000aaa00000, 0x00000000aab00000, 0x00000000aab00000|100%| E|CS|TAMS 0x00000000aaa00000, 0x00000000aaa00000| Complete 
| 137|0x00000000aab00000, 0x00000000aac00000, 0x00000000aac00000|100%| E|CS|TAMS 0x00000000aab00000, 0x00000000aab00000| Complete 
| 138|0x00000000aac00000, 0x00000000aad00000, 0x00000000aad00000|100%| E|CS|TAMS 0x00000000aac00000, 0x00000000aac00000| Complete 
| 139|0x00000000aad00000, 0x00000000aae00000, 0x00000000aae00000|100%| E|CS|TAMS 0x00000000aad00000, 0x00000000aad00000| Complete 
| 140|0x00000000aae00000, 0x00000000aaf00000, 0x00000000aaf00000|100%| E|CS|TAMS 0x00000000aae00000, 0x00000000aae00000| Complete 
| 141|0x00000000aaf00000, 0x00000000ab000000, 0x00000000ab000000|100%| E|CS|TAMS 0x00000000aaf00000, 0x00000000aaf00000| Complete 
| 142|0x00000000ab000000, 0x00000000ab100000, 0x00000000ab100000|100%| E|CS|TAMS 0x00000000ab000000, 0x00000000ab000000| Complete 
| 143|0x00000000ab100000, 0x00000000ab200000, 0x00000000ab200000|100%| E|CS|TAMS 0x00000000ab100000, 0x00000000ab100000| Complete 
| 144|0x00000000ab200000, 0x00000000ab300000, 0x00000000ab300000|100%| E|CS|TAMS 0x00000000ab200000, 0x00000000ab200000| Complete 
| 145|0x00000000ab300000, 0x00000000ab400000, 0x00000000ab400000|100%| E|CS|TAMS 0x00000000ab300000, 0x00000000ab300000| Complete 
| 146|0x00000000ab400000, 0x00000000ab500000, 0x00000000ab500000|100%| E|CS|TAMS 0x00000000ab400000, 0x00000000ab400000| Complete 
| 147|0x00000000ab500000, 0x00000000ab600000, 0x00000000ab600000|100%| E|CS|TAMS 0x00000000ab500000, 0x00000000ab500000| Complete 
| 148|0x00000000ab600000, 0x00000000ab700000, 0x00000000ab700000|100%| E|CS|TAMS 0x00000000ab600000, 0x00000000ab600000| Complete 
| 149|0x00000000ab700000, 0x00000000ab800000, 0x00000000ab800000|100%| E|CS|TAMS 0x00000000ab700000, 0x00000000ab700000| Complete 
| 150|0x00000000ab800000, 0x00000000ab900000, 0x00000000ab900000|100%| E|CS|TAMS 0x00000000ab800000, 0x00000000ab800000| Complete 
| 151|0x00000000ab900000, 0x00000000aba00000, 0x00000000aba00000|100%| E|CS|TAMS 0x00000000ab900000, 0x00000000ab900000| Complete 
| 152|0x00000000aba00000, 0x00000000abb00000, 0x00000000abb00000|100%| E|CS|TAMS 0x00000000aba00000, 0x00000000aba00000| Complete 
| 153|0x00000000abb00000, 0x00000000abc00000, 0x00000000abc00000|100%| E|CS|TAMS 0x00000000abb00000, 0x00000000abb00000| Complete 
| 154|0x00000000abc00000, 0x00000000abd00000, 0x00000000abd00000|100%| E|CS|TAMS 0x00000000abc00000, 0x00000000abc00000| Complete 
| 155|0x00000000abd00000, 0x00000000abe00000, 0x00000000abe00000|100%| E|CS|TAMS 0x00000000abd00000, 0x00000000abd00000| Complete 
| 156|0x00000000abe00000, 0x00000000abf00000, 0x00000000abf00000|100%| E|CS|TAMS 0x00000000abe00000, 0x00000000abe00000| Complete 
| 157|0x00000000abf00000, 0x00000000ac000000, 0x00000000ac000000|100%| E|CS|TAMS 0x00000000abf00000, 0x00000000abf00000| Complete 
| 158|0x00000000ac000000, 0x00000000ac100000, 0x00000000ac100000|100%| E|CS|TAMS 0x00000000ac000000, 0x00000000ac000000| Complete 
| 159|0x00000000ac100000, 0x00000000ac200000, 0x00000000ac200000|100%| E|CS|TAMS 0x00000000ac100000, 0x00000000ac100000| Complete 
| 160|0x00000000ac200000, 0x00000000ac300000, 0x00000000ac300000|100%| E|CS|TAMS 0x00000000ac200000, 0x00000000ac200000| Complete 
| 161|0x00000000ac300000, 0x00000000ac400000, 0x00000000ac400000|100%| E|CS|TAMS 0x00000000ac300000, 0x00000000ac300000| Complete 
| 162|0x00000000ac400000, 0x00000000ac500000, 0x00000000ac500000|100%| E|CS|TAMS 0x00000000ac400000, 0x00000000ac400000| Complete 
| 163|0x00000000ac500000, 0x00000000ac600000, 0x00000000ac600000|100%| E|CS|TAMS 0x00000000ac500000, 0x00000000ac500000| Complete 
| 164|0x00000000ac600000, 0x00000000ac700000, 0x00000000ac700000|100%| E|CS|TAMS 0x00000000ac600000, 0x00000000ac600000| Complete 
| 165|0x00000000ac700000, 0x00000000ac800000, 0x00000000ac800000|100%| E|CS|TAMS 0x00000000ac700000, 0x00000000ac700000| Complete 
| 166|0x00000000ac800000, 0x00000000ac900000, 0x00000000ac900000|100%| E|CS|TAMS 0x00000000ac800000, 0x00000000ac800000| Complete 
| 167|0x00000000ac900000, 0x00000000aca00000, 0x00000000aca00000|100%| E|CS|TAMS 0x00000000ac900000, 0x00000000ac900000| Complete 
| 168|0x00000000aca00000, 0x00000000acb00000, 0x00000000acb00000|100%| E|CS|TAMS 0x00000000aca00000, 0x00000000aca00000| Complete 
| 169|0x00000000acb00000, 0x00000000acc00000, 0x00000000acc00000|100%| E|CS|TAMS 0x00000000acb00000, 0x00000000acb00000| Complete 
| 170|0x00000000acc00000, 0x00000000acd00000, 0x00000000acd00000|100%| E|CS|TAMS 0x00000000acc00000, 0x00000000acc00000| Complete 
| 171|0x00000000acd00000, 0x00000000ace00000, 0x00000000ace00000|100%| E|CS|TAMS 0x00000000acd00000, 0x00000000acd00000| Complete 
| 172|0x00000000ace00000, 0x00000000acf00000, 0x00000000acf00000|100%| E|CS|TAMS 0x00000000ace00000, 0x00000000ace00000| Complete 
| 173|0x00000000acf00000, 0x00000000ad000000, 0x00000000ad000000|100%| E|CS|TAMS 0x00000000acf00000, 0x00000000acf00000| Complete 
| 174|0x00000000ad000000, 0x00000000ad100000, 0x00000000ad100000|100%| E|CS|TAMS 0x00000000ad000000, 0x00000000ad000000| Complete 
| 175|0x00000000ad100000, 0x00000000ad200000, 0x00000000ad200000|100%| E|CS|TAMS 0x00000000ad100000, 0x00000000ad100000| Complete 

Card table byte_map: [0x000001f6770a0000,0x000001f677390000] _byte_map_base: 0x000001f676b8f000

Marking Bits (Prev, Next): (CMBitMap*) 0x000001f66f039520, (CMBitMap*) 0x000001f66f039560
 Prev Bits: [0x000001f677680000, 0x000001f678df8000)
 Next Bits: [0x000001f678e00000, 0x000001f67a578000)

Polling page: 0x000001f66cfa0000

Metaspace:

Usage:
  Non-class:     63.13 MB used.
      Class:      9.46 MB used.
       Both:     72.59 MB used.

Virtual space:
  Non-class space:       64.00 MB reserved,      63.44 MB (>99%) committed,  8 nodes.
      Class space:        1.00 GB reserved,       9.69 MB ( <1%) committed,  1 nodes.
             Both:        1.06 GB reserved,      73.12 MB (  7%) committed. 

Chunk freelists:
   Non-Class:  448.00 KB
       Class:  2.14 MB
        Both:  2.58 MB

MaxMetaspaceSize: unlimited
CompressedClassSpaceSize: 1.00 GB
Initial GC threshold: 21.00 MB
Current GC threshold: 103.25 MB
CDS: on
MetaspaceReclaimPolicy: balanced
 - commit_granule_bytes: 65536.
 - commit_granule_words: 8192.
 - virtual_space_node_default_size: 1048576.
 - enlarge_chunks_in_place: 1.
 - new_chunks_are_fully_committed: 0.
 - uncommit_free_chunks: 1.
 - use_allocation_guard: 0.
 - handle_deallocations: 1.


Internal statistics:

num_allocs_failed_limit: 9.
num_arena_births: 784.
num_arena_deaths: 0.
num_vsnodes_births: 9.
num_vsnodes_deaths: 0.
num_space_committed: 1170.
num_space_uncommitted: 0.
num_chunks_returned_to_freelist: 9.
num_chunks_taken_from_freelist: 3448.
num_chunk_merges: 9.
num_chunk_splits: 2383.
num_chunks_enlarged: 1790.
num_purges: 0.
num_inconsistent_stats: 0.

CodeHeap 'non-profiled nmethods': size=120000Kb used=3675Kb max_used=3675Kb free=116325Kb
 bounds [0x000001f607ad0000, 0x000001f607e70000, 0x000001f60f000000]
CodeHeap 'profiled nmethods': size=120000Kb used=14929Kb max_used=14929Kb free=105070Kb
 bounds [0x000001f6005a0000, 0x000001f601440000, 0x000001f607ad0000]
CodeHeap 'non-nmethods': size=5760Kb used=1384Kb max_used=1424Kb free=4376Kb
 bounds [0x000001f600000000, 0x000001f600270000, 0x000001f6005a0000]
 total_blobs=8524 nmethods=7805 adapters=630
 compilation: enabled
              stopped_count=0, restarted_count=0
 full_count=0

Compilation events (20 events):
Event: 512.143 Thread 0x000001f67d1de8d0 nmethod 8776 0x000001f601425090 code [0x000001f6014252c0, 0x000001f601425a08]
Event: 512.153 Thread 0x000001f67d1de8d0 8777       3       java.util.LinkedHashMap::get (29 bytes)
Event: 512.154 Thread 0x000001f67d1de8d0 nmethod 8777 0x000001f601425d10 code [0x000001f601425ec0, 0x000001f601426178]
Event: 512.155 Thread 0x000001f67d1de8d0 8778       3       com.fasterxml.jackson.databind.introspect.AnnotationIntrospectorPair::findPropertyInclusion (30 bytes)
Event: 512.156 Thread 0x000001f67d1de8d0 nmethod 8778 0x000001f601426290 code [0x000001f601426460, 0x000001f6014267c8]
Event: 512.156 Thread 0x000001f67d1de8d0 8779       3       com.fasterxml.jackson.databind.AnnotationIntrospector::findPropertyInclusion (4 bytes)
Event: 512.156 Thread 0x000001f67d1de8d0 nmethod 8779 0x000001f601426910 code [0x000001f601426aa0, 0x000001f601426c18]
Event: 512.157 Thread 0x000001f67d1de8d0 8780   !   3       com.fasterxml.jackson.databind.introspect.JacksonAnnotationIntrospector::refineSerializationType (693 bytes)
Event: 512.164 Thread 0x000001f67d1de8d0 nmethod 8780 0x000001f601426d10 code [0x000001f6014278a0, 0x000001f60142fe88]
Event: 512.164 Thread 0x000001f67d1de8d0 8782       3       javax.servlet.http.HttpServletResponseWrapper::addHeader (12 bytes)
Event: 512.165 Thread 0x000001f67d1de8d0 nmethod 8782 0x000001f601433090 code [0x000001f601433240, 0x000001f6014335a8]
Event: 512.165 Thread 0x000001f67d1de8d0 8783       3       com.fasterxml.jackson.core.io.IOContext::_verifyAlloc (15 bytes)
Event: 512.165 Thread 0x000001f67d1de8d0 nmethod 8783 0x000001f601433710 code [0x000001f6014338c0, 0x000001f601433ac8]
Event: 512.165 Thread 0x000001f67d1de8d0 8781       3       com.fasterxml.jackson.databind.SerializerProvider::handleSecondaryContextualization (25 bytes)
Event: 512.165 Thread 0x000001f67d1de8d0 nmethod 8781 0x000001f601433b90 code [0x000001f601433d40, 0x000001f6014341c8]
Event: 538.394 Thread 0x000001f67d1dbf10 8784       4       java.util.concurrent.locks.AbstractQueuedSynchronizer$Node::setStatusRelaxed (12 bytes)
Event: 538.395 Thread 0x000001f67d1dbf10 nmethod 8784 0x000001f607e66910 code [0x000001f607e66a80, 0x000001f607e66af8]
Event: 547.944 Thread 0x000001f67d1de8d0 8785       3       java.util.concurrent.locks.AbstractQueuedSynchronizer$ConditionNode::isReleasable (23 bytes)
Event: 547.944 Thread 0x000001f67d1de8d0 nmethod 8785 0x000001f601434290 code [0x000001f601434420, 0x000001f601434698]
Event: 548.399 Thread 0x000001f67d1dbf10 8786       4       java.util.concurrent.ConcurrentHashMap$CollectionView::toArray (204 bytes)

GC Heap History (20 events):
Event: 8.030 GC heap before
{Heap before GC invocations=13 (full 0):
 garbage-first heap   total 61440K, used 47851K [0x00000000a2200000, 0x0000000100000000)
  region size 1024K, 26 young (26624K), 3 survivors (3072K)
 Metaspace       used 57412K, committed 57792K, reserved 1105920K
  class space    used 7581K, committed 7808K, reserved 1048576K
}
Event: 8.035 GC heap after
{Heap after GC invocations=14 (full 0):
 garbage-first heap   total 61440K, used 26072K [0x00000000a2200000, 0x0000000100000000)
  region size 1024K, 4 young (4096K), 4 survivors (4096K)
 Metaspace       used 57412K, committed 57792K, reserved 1105920K
  class space    used 7581K, committed 7808K, reserved 1048576K
}
Event: 8.301 GC heap before
{Heap before GC invocations=14 (full 0):
 garbage-first heap   total 61440K, used 47576K [0x00000000a2200000, 0x0000000100000000)
  region size 1024K, 25 young (25600K), 4 survivors (4096K)
 Metaspace       used 58703K, committed 59136K, reserved 1105920K
  class space    used 7727K, committed 7936K, reserved 1048576K
}
Event: 8.305 GC heap after
{Heap after GC invocations=15 (full 0):
 garbage-first heap   total 61440K, used 27530K [0x00000000a2200000, 0x0000000100000000)
  region size 1024K, 4 young (4096K), 4 survivors (4096K)
 Metaspace       used 58703K, committed 59136K, reserved 1105920K
  class space    used 7727K, committed 7936K, reserved 1048576K
}
Event: 8.494 GC heap before
{Heap before GC invocations=15 (full 0):
 garbage-first heap   total 61440K, used 36746K [0x00000000a2200000, 0x0000000100000000)
  region size 1024K, 14 young (14336K), 4 survivors (4096K)
 Metaspace       used 60152K, committed 60480K, reserved 1105920K
  class space    used 7959K, committed 8128K, reserved 1048576K
}
Event: 8.499 GC heap after
{Heap after GC invocations=16 (full 0):
 garbage-first heap   total 73728K, used 28448K [0x00000000a2200000, 0x0000000100000000)
  region size 1024K, 3 young (3072K), 3 survivors (3072K)
 Metaspace       used 60152K, committed 60480K, reserved 1105920K
  class space    used 7959K, committed 8128K, reserved 1048576K
}
Event: 8.956 GC heap before
{Heap before GC invocations=17 (full 0):
 garbage-first heap   total 73728K, used 58144K [0x00000000a2200000, 0x0000000100000000)
  region size 1024K, 31 young (31744K), 3 survivors (3072K)
 Metaspace       used 62831K, committed 63296K, reserved 1105920K
  class space    used 8315K, committed 8512K, reserved 1048576K
}
Event: 8.962 GC heap after
{Heap after GC invocations=18 (full 0):
 garbage-first heap   total 73728K, used 34068K [0x00000000a2200000, 0x0000000100000000)
  region size 1024K, 4 young (4096K), 4 survivors (4096K)
 Metaspace       used 62831K, committed 63296K, reserved 1105920K
  class space    used 8315K, committed 8512K, reserved 1048576K
}
Event: 9.096 GC heap before
{Heap before GC invocations=18 (full 0):
 garbage-first heap   total 73728K, used 54548K [0x00000000a2200000, 0x0000000100000000)
  region size 1024K, 25 young (25600K), 4 survivors (4096K)
 Metaspace       used 62909K, committed 63360K, reserved 1105920K
  class space    used 8318K, committed 8512K, reserved 1048576K
}
Event: 9.103 GC heap after
{Heap after GC invocations=19 (full 0):
 garbage-first heap   total 73728K, used 38393K [0x00000000a2200000, 0x0000000100000000)
  region size 1024K, 4 young (4096K), 4 survivors (4096K)
 Metaspace       used 62909K, committed 63360K, reserved 1105920K
  class space    used 8318K, committed 8512K, reserved 1048576K
}
Event: 9.154 GC heap before
{Heap before GC invocations=19 (full 0):
 garbage-first heap   total 73728K, used 42489K [0x00000000a2200000, 0x0000000100000000)
  region size 1024K, 9 young (9216K), 4 survivors (4096K)
 Metaspace       used 63009K, committed 63424K, reserved 1105920K
  class space    used 8327K, committed 8512K, reserved 1048576K
}
Event: 9.158 GC heap after
{Heap after GC invocations=20 (full 0):
 garbage-first heap   total 73728K, used 39957K [0x00000000a2200000, 0x0000000100000000)
  region size 1024K, 2 young (2048K), 2 survivors (2048K)
 Metaspace       used 63009K, committed 63424K, reserved 1105920K
  class space    used 8327K, committed 8512K, reserved 1048576K
}
Event: 9.193 GC heap before
{Heap before GC invocations=20 (full 0):
 garbage-first heap   total 73728K, used 54293K [0x00000000a2200000, 0x0000000100000000)
  region size 1024K, 16 young (16384K), 2 survivors (2048K)
 Metaspace       used 63033K, committed 63424K, reserved 1105920K
  class space    used 8327K, committed 8512K, reserved 1048576K
}
Event: 9.197 GC heap after
{Heap after GC invocations=21 (full 0):
 garbage-first heap   total 73728K, used 43313K [0x00000000a2200000, 0x0000000100000000)
  region size 1024K, 2 young (2048K), 2 survivors (2048K)
 Metaspace       used 63033K, committed 63424K, reserved 1105920K
  class space    used 8327K, committed 8512K, reserved 1048576K
}
Event: 9.222 GC heap before
{Heap before GC invocations=22 (full 0):
 garbage-first heap   total 76800K, used 54577K [0x00000000a2200000, 0x0000000100000000)
  region size 1024K, 14 young (14336K), 2 survivors (2048K)
 Metaspace       used 63040K, committed 63424K, reserved 1105920K
  class space    used 8327K, committed 8512K, reserved 1048576K
}
Event: 9.225 GC heap after
{Heap after GC invocations=23 (full 0):
 garbage-first heap   total 76800K, used 45786K [0x00000000a2200000, 0x0000000100000000)
  region size 1024K, 2 young (2048K), 2 survivors (2048K)
 Metaspace       used 63040K, committed 63424K, reserved 1105920K
  class space    used 8327K, committed 8512K, reserved 1048576K
}
Event: 9.230 GC heap before
{Heap before GC invocations=23 (full 0):
 garbage-first heap   total 76800K, used 46810K [0x00000000a2200000, 0x0000000100000000)
  region size 1024K, 3 young (3072K), 2 survivors (2048K)
 Metaspace       used 63041K, committed 63424K, reserved 1105920K
  class space    used 8327K, committed 8512K, reserved 1048576K
}
Event: 9.232 GC heap after
{Heap after GC invocations=24 (full 0):
 garbage-first heap   total 180224K, used 46453K [0x00000000a2200000, 0x0000000100000000)
  region size 1024K, 1 young (1024K), 1 survivors (1024K)
 Metaspace       used 63041K, committed 63424K, reserved 1105920K
  class space    used 8327K, committed 8512K, reserved 1048576K
}
Event: 18.309 GC heap before
{Heap before GC invocations=24 (full 0):
 garbage-first heap   total 180224K, used 120181K [0x00000000a2200000, 0x0000000100000000)
  region size 1024K, 73 young (74752K), 1 survivors (1024K)
 Metaspace       used 69416K, committed 69824K, reserved 1114112K
  class space    used 9120K, committed 9344K, reserved 1048576K
}
Event: 18.316 GC heap after
{Heap after GC invocations=25 (full 0):
 garbage-first heap   total 180224K, used 53121K [0x00000000a2200000, 0x0000000100000000)
  region size 1024K, 8 young (8192K), 8 survivors (8192K)
 Metaspace       used 69416K, committed 69824K, reserved 1114112K
  class space    used 9120K, committed 9344K, reserved 1048576K
}

Deoptimization events (20 events):
Event: 41.925 Thread 0x000001f612d52f20 DEOPT PACKING pc=0x000001f607cce4d4 sp=0x0000002021cf9530
Event: 41.925 Thread 0x000001f612d52f20 DEOPT UNPACKING pc=0x000001f6000523a3 sp=0x0000002021cf9450 mode 2
Event: 42.012 Thread 0x000001f612d52f20 Uncommon trap: trap_request=0xffffffde fr.pc=0x000001f607b9ab74 relative=0x0000000000000154
Event: 42.012 Thread 0x000001f612d52f20 Uncommon trap: reason=class_check action=maybe_recompile pc=0x000001f607b9ab74 method=java.util.stream.StreamOpFlag.fromCharacteristics(Ljava/util/Spliterator;)I @ 14 c2
Event: 42.012 Thread 0x000001f612d52f20 DEOPT PACKING pc=0x000001f607b9ab74 sp=0x0000002021cfb650
Event: 42.012 Thread 0x000001f612d52f20 DEOPT UNPACKING pc=0x000001f6000523a3 sp=0x0000002021cfb590 mode 2
Event: 42.025 Thread 0x000001f612d52f20 Uncommon trap: trap_request=0xffffff45 fr.pc=0x000001f607be4330 relative=0x0000000000000190
Event: 42.025 Thread 0x000001f612d52f20 Uncommon trap: reason=unstable_if action=reinterpret pc=0x000001f607be4330 method=java.util.IdentityHashMap.maskNull(Ljava/lang/Object;)Ljava/lang/Object; @ 1 c2
Event: 42.025 Thread 0x000001f612d52f20 DEOPT PACKING pc=0x000001f607be4330 sp=0x0000002021cfae70
Event: 42.025 Thread 0x000001f612d52f20 DEOPT UNPACKING pc=0x000001f6000523a3 sp=0x0000002021cfad98 mode 2
Event: 511.089 Thread 0x000001f612d51240 DEOPT PACKING pc=0x000001f600de5fa4 sp=0x000000201ebfe0d0
Event: 511.089 Thread 0x000001f612d51240 DEOPT UNPACKING pc=0x000001f600052b43 sp=0x000000201ebfd550 mode 0
Event: 511.125 Thread 0x000001f612d51240 Uncommon trap: trap_request=0xffffffcc fr.pc=0x000001f607e43994 relative=0x00000000000056f4
Event: 511.125 Thread 0x000001f612d51240 Uncommon trap: reason=intrinsic_or_type_checked_inlining action=make_not_entrant pc=0x000001f607e43994 method=java.util.ArrayList$SubList.toArray([Ljava/lang/Object;)[Ljava/lang/Object; @ 58 c2
Event: 511.125 Thread 0x000001f612d51240 DEOPT PACKING pc=0x000001f607e43994 sp=0x000000201ebfe350
Event: 511.125 Thread 0x000001f612d51240 DEOPT UNPACKING pc=0x000001f6000523a3 sp=0x000000201ebfe130 mode 2
Event: 511.208 Thread 0x000001f612d51240 DEOPT PACKING pc=0x000001f600f11eb8 sp=0x000000201ebfdc30
Event: 511.208 Thread 0x000001f612d51240 DEOPT UNPACKING pc=0x000001f600052b43 sp=0x000000201ebfd0a0 mode 0
Event: 511.208 Thread 0x000001f612d51240 DEOPT PACKING pc=0x000001f600ed2bd0 sp=0x000000201ebfdce0
Event: 511.208 Thread 0x000001f612d51240 DEOPT UNPACKING pc=0x000001f600052b43 sp=0x000000201ebfd180 mode 0

Classes unloaded (0 events):
No events

Classes redefined (0 events):
No events

Internal exceptions (20 events):
Event: 8.894 Thread 0x000001f67e54a530 Implicit null exception at 0x000001f607caf7db to 0x000001f607caf850
Event: 9.118 Thread 0x000001f67e54a530 Implicit null exception at 0x000001f607d2f36c to 0x000001f607d2f414
Event: 9.543 Thread 0x000001f66efeabf0 Exception <a 'java/lang/NoSuchMethodError'{0x00000000a9f65d20}: 'java.lang.Object java.lang.invoke.DirectMethodHandle$Holder.invokeSpecial(java.lang.Object, java.lang.Object, int, java.lang.Object, int, java.lang.Object)'> (0x00000000a9f65d20) 
thrown [t:\workspace\open\src\hotspot\share\interpreter\linkResolver.cpp, line 766]
Event: 9.543 Thread 0x000001f66efeabf0 Exception <a 'java/lang/NoSuchMethodError'{0x00000000a9f6db20}: 'java.lang.Object java.lang.invoke.DirectMethodHandle$Holder.newInvokeSpecial(java.lang.Object, java.lang.Object, int, java.lang.Object, int)'> (0x00000000a9f6db20) 
thrown [t:\workspace\open\src\hotspot\share\interpreter\linkResolver.cpp, line 766]
Event: 9.544 Thread 0x000001f66efeabf0 Exception <a 'java/lang/NoSuchMethodError'{0x00000000a9f71c20}: 'java.lang.Object java.lang.invoke.DirectMethodHandle$Holder.invokeSpecial(java.lang.Object, java.lang.Object, java.lang.Object, int, java.lang.Object, int)'> (0x00000000a9f71c20) 
thrown [t:\workspace\open\src\hotspot\share\interpreter\linkResolver.cpp, line 766]
Event: 9.545 Thread 0x000001f66efeabf0 Exception <a 'java/lang/NoSuchMethodError'{0x00000000a9f7b880}: 'void java.lang.invoke.DirectMethodHandle$Holder.invokeVirtual(java.lang.Object, java.lang.Object)'> (0x00000000a9f7b880) 
thrown [t:\workspace\open\src\hotspot\share\interpreter\linkResolver.cpp, line 766]
Event: 9.668 Thread 0x000001f66efeabf0 Exception <a 'java/lang/NoSuchMethodError'{0x00000000a9b5fc50}: 'java.lang.Object java.lang.invoke.DirectMethodHandle$Holder.invokeStaticInit(java.lang.Object, java.lang.Object, java.lang.Object, java.lang.Object, java.lang.Object, java.lang.Object)'> (0x00000000a9b5fc50) 
thrown [t:\workspace\open\src\hotspot\share\interpreter\linkResolver.cpp, line 766]
Event: 9.729 Thread 0x000001f66efeabf0 Implicit null exception at 0x000001f607c7ec8b to 0x000001f607c7f608
Event: 9.747 Thread 0x000001f66efeabf0 Exception <a 'java/lang/ClassNotFoundException'{0x00000000a9931830}: java/lang/ObjectCustomizer> (0x00000000a9931830) 
thrown [t:\workspace\open\src\hotspot\share\classfile\systemDictionary.cpp, line 256]
Event: 9.748 Thread 0x000001f66efeabf0 Exception <a 'java/lang/ClassNotFoundException'{0x00000000a9937e78}: indocyber/exam/entity/RoomCustomizer> (0x00000000a9937e78) 
thrown [t:\workspace\open\src\hotspot\share\classfile\systemDictionary.cpp, line 256]
Event: 9.802 Thread 0x000001f66efeabf0 Exception <a 'java/lang/ClassNotFoundException'{0x00000000a984ad60}: java/lang/ObjectCustomizer> (0x00000000a984ad60) 
thrown [t:\workspace\open\src\hotspot\share\classfile\systemDictionary.cpp, line 256]
Event: 9.802 Thread 0x000001f66efeabf0 Exception <a 'java/lang/ClassNotFoundException'{0x00000000a98514b8}: indocyber/exam/entity/TransactionCustomizer> (0x00000000a98514b8) 
thrown [t:\workspace\open\src\hotspot\share\classfile\systemDictionary.cpp, line 256]
Event: 42.025 Thread 0x000001f612d52f20 Implicit null exception at 0x000001f607be41d2 to 0x000001f607be431c
Event: 508.289 Thread 0x000001f612d51240 Exception <a 'sun/net/ConnectionResetException'{0x00000000aae54b68}: Connection reset> (0x00000000aae54b68) 
thrown [t:\workspace\open\src\hotspot\share\prims\jni.cpp, line 535]
Event: 508.419 Thread 0x000001f612d51240 Exception <a 'java/net/SocketException'{0x00000000aae5da78}: Socket is not connected: shutdown> (0x00000000aae5da78) 
thrown [t:\workspace\open\src\hotspot\share\prims\jni.cpp, line 535]
Event: 508.420 Thread 0x000001f612d51240 Exception <a 'sun/net/ConnectionResetException'{0x00000000aae5f138}: Connection reset> (0x00000000aae5f138) 
thrown [t:\workspace\open\src\hotspot\share\prims\jni.cpp, line 535]
Event: 508.629 Thread 0x000001f612d51240 Exception <a 'sun/net/ConnectionResetException'{0x00000000aae63b40}: Connection reset> (0x00000000aae63b40) 
thrown [t:\workspace\open\src\hotspot\share\prims\jni.cpp, line 535]
Event: 509.037 Thread 0x000001f612d51240 Exception <a 'java/io/IOException'{0x00000000aac011c8}> (0x00000000aac011c8) 
thrown [t:\workspace\open\src\hotspot\share\prims\jni.cpp, line 516]
Event: 509.848 Thread 0x000001f612d51240 Exception <a 'java/net/SocketException'{0x00000000aac04618}: Socket is not connected: shutdown> (0x00000000aac04618) 
thrown [t:\workspace\open\src\hotspot\share\prims\jni.cpp, line 535]
Event: 509.848 Thread 0x000001f612d51240 Exception <a 'java/io/IOException'{0x00000000aac05d18}> (0x00000000aac05d18) 
thrown [t:\workspace\open\src\hotspot\share\prims\jni.cpp, line 516]

VM Operations (20 events):
Event: 348.557 Executing VM operation: Cleanup
Event: 348.558 Executing VM operation: Cleanup done
Event: 507.913 Executing VM operation: Cleanup
Event: 507.929 Executing VM operation: Cleanup done
Event: 508.939 Executing VM operation: Cleanup
Event: 508.939 Executing VM operation: Cleanup done
Event: 509.954 Executing VM operation: Cleanup
Event: 509.954 Executing VM operation: Cleanup done
Event: 510.967 Executing VM operation: Cleanup
Event: 510.967 Executing VM operation: Cleanup done
Event: 511.969 Executing VM operation: Cleanup
Event: 511.969 Executing VM operation: Cleanup done
Event: 512.973 Executing VM operation: Cleanup
Event: 512.973 Executing VM operation: Cleanup done
Event: 515.998 Executing VM operation: Cleanup
Event: 515.999 Executing VM operation: Cleanup done
Event: 517.008 Executing VM operation: Cleanup
Event: 517.008 Executing VM operation: Cleanup done
Event: 548.267 Executing VM operation: Cleanup
Event: 548.268 Executing VM operation: Cleanup done

Events (20 events):
Event: 512.100 loading class javax/xml/datatype/DatatypeFactory
Event: 512.101 loading class javax/xml/datatype/DatatypeFactory done
Event: 512.103 loading class javax/xml/datatype/FactoryFinder
Event: 512.103 loading class javax/xml/datatype/FactoryFinder done
Event: 512.113 loading class javax/xml/datatype/FactoryFinder$1
Event: 512.113 loading class javax/xml/datatype/FactoryFinder$1 done
Event: 512.117 loading class com/sun/org/apache/xerces/internal/jaxp/datatype/DatatypeFactoryImpl
Event: 512.118 loading class com/sun/org/apache/xerces/internal/jaxp/datatype/DatatypeFactoryImpl done
Event: 512.145 loading class javax/crypto/Mac
Event: 512.145 loading class javax/crypto/Mac done
Event: 512.146 loading class com/sun/crypto/provider/HmacCore$HmacSHA256
Event: 512.146 loading class com/sun/crypto/provider/HmacCore
Event: 512.146 loading class javax/crypto/MacSpi
Event: 512.146 loading class javax/crypto/MacSpi done
Event: 512.146 loading class com/sun/crypto/provider/HmacCore done
Event: 512.147 loading class com/sun/crypto/provider/HmacCore$HmacSHA256 done
Event: 513.295 Thread 0x000001f612d51710 Thread exited: 0x000001f612d51710
Event: 515.873 Thread 0x000001f67f0c5270 Thread exited: 0x000001f67f0c5270
Event: 515.873 Thread 0x000001f612d533f0 Thread exited: 0x000001f612d533f0
Event: 516.267 Thread 0x000001f612d51240 Thread exited: 0x000001f612d51240


Dynamic libraries:
0x00007ff71f620000 - 0x00007ff71f630000 	C:\Program Files\Java\jdk-17.0.3\bin\java.exe
0x00007ffc5c8d0000 - 0x00007ffc5cac8000 	C:\Windows\SYSTEM32\ntdll.dll
0x00007ffc5c060000 - 0x00007ffc5c11d000 	C:\Windows\System32\KERNEL32.DLL
0x00007ffc5a410000 - 0x00007ffc5a6de000 	C:\Windows\System32\KERNELBASE.dll
0x00007ffc5a310000 - 0x00007ffc5a410000 	C:\Windows\System32\ucrtbase.dll
0x00007ffc57260000 - 0x00007ffc5727a000 	C:\Program Files\Java\jdk-17.0.3\bin\VCRUNTIME140.dll
0x00007ffc57300000 - 0x00007ffc57318000 	C:\Program Files\Java\jdk-17.0.3\bin\jli.dll
0x00007ffc5b590000 - 0x00007ffc5b63e000 	C:\Windows\System32\ADVAPI32.dll
0x00007ffc5c7f0000 - 0x00007ffc5c88e000 	C:\Windows\System32\msvcrt.dll
0x00007ffc5c380000 - 0x00007ffc5c41c000 	C:\Windows\System32\sechost.dll
0x00007ffc5b270000 - 0x00007ffc5b395000 	C:\Windows\System32\RPCRT4.dll
0x00007ffc5c1e0000 - 0x00007ffc5c380000 	C:\Windows\System32\USER32.dll
0x00007ffc5a7f0000 - 0x00007ffc5a812000 	C:\Windows\System32\win32u.dll
0x00007ffc5b490000 - 0x00007ffc5b4ba000 	C:\Windows\System32\GDI32.dll
0x00007ffc37c80000 - 0x00007ffc37f1a000 	C:\Windows\WinSxS\amd64_microsoft.windows.common-controls_6595b64144ccf1df_6.0.19041.1110_none_60b5254171f9507e\COMCTL32.dll
0x00007ffc5a820000 - 0x00007ffc5a92b000 	C:\Windows\System32\gdi32full.dll
0x00007ffc59ff0000 - 0x00007ffc5a08d000 	C:\Windows\System32\msvcp_win.dll
0x00007ffc4f6c0000 - 0x00007ffc4f6ca000 	C:\Windows\SYSTEM32\VERSION.dll
0x00007ffc5bfb0000 - 0x00007ffc5bfe0000 	C:\Windows\System32\IMM32.DLL
0x00007ffc556d0000 - 0x00007ffc556dc000 	C:\Program Files\Java\jdk-17.0.3\bin\vcruntime140_1.dll
0x00007ffc52dc0000 - 0x00007ffc52e4d000 	C:\Program Files\Java\jdk-17.0.3\bin\msvcp140.dll
0x00007ffbfabc0000 - 0x00007ffbfb781000 	C:\Program Files\Java\jdk-17.0.3\bin\server\jvm.dll
0x00007ffc5a930000 - 0x00007ffc5a938000 	C:\Windows\System32\PSAPI.DLL
0x00007ffc1f3e0000 - 0x00007ffc1f3e9000 	C:\Windows\SYSTEM32\WSOCK32.dll
0x00007ffc4f690000 - 0x00007ffc4f6b7000 	C:\Windows\SYSTEM32\WINMM.dll
0x00007ffc5b4c0000 - 0x00007ffc5b52b000 	C:\Windows\System32\WS2_32.dll
0x00007ffc58880000 - 0x00007ffc58892000 	C:\Windows\SYSTEM32\kernel.appcore.dll
0x00007ffc54b20000 - 0x00007ffc54b2a000 	C:\Program Files\Java\jdk-17.0.3\bin\jimage.dll
0x00007ffc57d70000 - 0x00007ffc57f54000 	C:\Windows\SYSTEM32\DBGHELP.DLL
0x00007ffc41000000 - 0x00007ffc4102c000 	C:\Windows\SYSTEM32\dbgcore.DLL
0x00007ffc5a730000 - 0x00007ffc5a7b2000 	C:\Windows\System32\bcryptPrimitives.dll
0x00007ffc544f0000 - 0x00007ffc544fe000 	C:\Program Files\Java\jdk-17.0.3\bin\instrument.dll
0x00007ffc544c0000 - 0x00007ffc544e5000 	C:\Program Files\Java\jdk-17.0.3\bin\java.dll
0x00007ffc52970000 - 0x00007ffc52a46000 	C:\Program Files\Java\jdk-17.0.3\bin\jsvml.dll
0x00007ffc5b860000 - 0x00007ffc5bfa4000 	C:\Windows\System32\SHELL32.dll
0x00007ffc580d0000 - 0x00007ffc58864000 	C:\Windows\SYSTEM32\windows.storage.dll
0x00007ffc5a940000 - 0x00007ffc5ac94000 	C:\Windows\System32\combase.dll
0x00007ffc599e0000 - 0x00007ffc59a10000 	C:\Windows\SYSTEM32\Wldp.dll
0x00007ffc5c120000 - 0x00007ffc5c1cd000 	C:\Windows\System32\SHCORE.dll
0x00007ffc5b3a0000 - 0x00007ffc5b3f5000 	C:\Windows\System32\shlwapi.dll
0x00007ffc59f30000 - 0x00007ffc59f4f000 	C:\Windows\SYSTEM32\profapi.dll
0x00007ffc52ed0000 - 0x00007ffc52ee8000 	C:\Program Files\Java\jdk-17.0.3\bin\zip.dll
0x00007ffc54200000 - 0x00007ffc54219000 	C:\Program Files\Java\jdk-17.0.3\bin\net.dll
0x00007ffc49d70000 - 0x00007ffc49e7a000 	C:\Windows\SYSTEM32\WINHTTP.dll
0x00007ffc596e0000 - 0x00007ffc5974a000 	C:\Windows\system32\mswsock.dll
0x00007ffc52ef0000 - 0x00007ffc52f06000 	C:\Program Files\Java\jdk-17.0.3\bin\nio.dll
0x00007ffc54260000 - 0x00007ffc5427a000 	C:\Program Files\JetBrains\IntelliJ IDEA Community Edition 2021.2.3\bin\breakgen64.dll
0x00007ffc54020000 - 0x00007ffc54030000 	C:\Program Files\Java\jdk-17.0.3\bin\verify.dll
0x00007ffc52960000 - 0x00007ffc52969000 	C:\Program Files\Java\jdk-17.0.3\bin\management.dll
0x00007ffc52910000 - 0x00007ffc5291b000 	C:\Program Files\Java\jdk-17.0.3\bin\management_ext.dll
0x00007ffbf7520000 - 0x00007ffbf7537000 	C:\Windows\system32\napinsp.dll
0x00007ffbf2580000 - 0x00007ffbf259b000 	C:\Windows\system32\pnrpnsp.dll
0x00007ffc54d10000 - 0x00007ffc54d25000 	C:\Windows\system32\wshbth.dll
0x00007ffc55570000 - 0x00007ffc5558d000 	C:\Windows\system32\NLAapi.dll
0x00007ffc593d0000 - 0x00007ffc5940b000 	C:\Windows\SYSTEM32\IPHLPAPI.DLL
0x00007ffc59410000 - 0x00007ffc594da000 	C:\Windows\SYSTEM32\DNSAPI.dll
0x00007ffc5c1d0000 - 0x00007ffc5c1d8000 	C:\Windows\System32\NSI.dll
0x00007ffbf2560000 - 0x00007ffbf2572000 	C:\Windows\System32\winrnr.dll
0x00007ffc49c60000 - 0x00007ffc49c6a000 	C:\Windows\System32\rasadhlp.dll
0x00007ffc49cf0000 - 0x00007ffc49d70000 	C:\Windows\System32\fwpuclnt.dll
0x00007ffc5a7c0000 - 0x00007ffc5a7e7000 	C:\Windows\System32\bcrypt.dll
0x00007ffc598d0000 - 0x00007ffc598e8000 	C:\Windows\SYSTEM32\CRYPTSP.dll
0x00007ffc59060000 - 0x00007ffc59094000 	C:\Windows\system32\rsaenh.dll
0x00007ffc59ef0000 - 0x00007ffc59f1e000 	C:\Windows\SYSTEM32\USERENV.dll
0x00007ffc598f0000 - 0x00007ffc598fc000 	C:\Windows\SYSTEM32\CRYPTBASE.dll
0x00007ffc4fc80000 - 0x00007ffc4fc97000 	C:\Windows\SYSTEM32\dhcpcsvc6.DLL
0x00007ffc50ea0000 - 0x00007ffc50ebd000 	C:\Windows\SYSTEM32\dhcpcsvc.DLL
0x00007ffc528d0000 - 0x00007ffc528de000 	C:\Program Files\Java\jdk-17.0.3\bin\sunmscapi.dll
0x00007ffc5a090000 - 0x00007ffc5a1e6000 	C:\Windows\System32\CRYPT32.dll
0x00007ffc59a50000 - 0x00007ffc59a77000 	C:\Windows\SYSTEM32\ncrypt.dll
0x00007ffc59a10000 - 0x00007ffc59a4b000 	C:\Windows\SYSTEM32\NTASN1.dll
0x00007ffc55850000 - 0x00007ffc55857000 	C:\Windows\system32\wshunix.dll

dbghelp: loaded successfully - version: 4.0.5 - missing functions: none
symbol engine: initialized successfully - sym options: 0x614 - pdb path: .;C:\Program Files\Java\jdk-17.0.3\bin;C:\Windows\SYSTEM32;C:\Windows\WinSxS\amd64_microsoft.windows.common-controls_6595b64144ccf1df_6.0.19041.1110_none_60b5254171f9507e;C:\Program Files\Java\jdk-17.0.3\bin\server;C:\Program Files\JetBrains\IntelliJ IDEA Community Edition 2021.2.3\bin

VM Arguments:
jvm_args: -javaagent:C:\Program Files\JetBrains\IntelliJ IDEA Community Edition 2021.2.3\lib\idea_rt.jar=50621:C:\Program Files\JetBrains\IntelliJ IDEA Community Edition 2021.2.3\bin -Dfile.encoding=UTF-8 
java_command: indocyber.exam.ExamHotelApplication
java_class_path (initial): C:\Bootcamp\SpringBoot\ExamHotel\target\classes;C:\Users\1378\.m2\repository\org\springframework\boot\spring-boot-starter-data-jpa\2.5.8\spring-boot-starter-data-jpa-2.5.8.jar;C:\Users\1378\.m2\repository\org\springframework\boot\spring-boot-starter-aop\2.5.8\spring-boot-starter-aop-2.5.8.jar;C:\Users\1378\.m2\repository\org\aspectj\aspectjweaver\1.9.7\aspectjweaver-1.9.7.jar;C:\Users\1378\.m2\repository\org\springframework\boot\spring-boot-starter-jdbc\2.5.8\spring-boot-starter-jdbc-2.5.8.jar;C:\Users\1378\.m2\repository\com\zaxxer\HikariCP\4.0.3\HikariCP-4.0.3.jar;C:\Users\1378\.m2\repository\org\springframework\spring-jdbc\5.3.14\spring-jdbc-5.3.14.jar;C:\Users\1378\.m2\repository\jakarta\transaction\jakarta.transaction-api\1.3.3\jakarta.transaction-api-1.3.3.jar;C:\Users\1378\.m2\repository\jakarta\persistence\jakarta.persistence-api\2.2.3\jakarta.persistence-api-2.2.3.jar;C:\Users\1378\.m2\repository\org\hibernate\hibernate-core\5.4.33\hibernate-core-5.4.33.jar;C:\Users\1378\.m2\repository\org\jboss\logging\jboss-logging\3.4.2.Final\jboss-logging-3.4.2.Final.jar;C:\Users\1378\.m2\repository\org\javassist\javassist\3.27.0-GA\javassist-3.27.0-GA.jar;C:\Users\1378\.m2\repository\net\bytebuddy\byte-buddy\1.10.22\byte-buddy-1.10.22.jar;C:\Users\1378\.m2\repository\antlr\antlr\2.7.7\antlr-2.7.7.jar;C:\Users\1378\.m2\repository\org\jboss\jandex\2.2.3.Final\jandex-2.2.3.Final.jar;C:\Users\1378\.m2\repository\com\fasterxml\classmate\1.5.1\classmate-1.5.1.jar;C:\Users\1378\.m2\repository\org\dom4j\dom4j\2.1.3\dom4j-2.1.3.jar;C:\Users\1378\.m2\repository\org\hibernate\common\hibernate-commons-annotations\5.1.2.Final\hibernate-commons-annotations-5.1.2.Final.jar;C:\Users\1378\.m2\repository\org\glassfish\jaxb\jaxb-runtime\2.3.5\jaxb-runtime-2.3.5.jar;C:\Users\1378\.m2\repository\org\glassfish\jaxb\txw2\2.3.5\txw2-2.3.5.jar;C:\Users\1378\.m2\repository\com\sun\istack\istack-commons-runtime\3.0.12\istack-commons-runtime-3.0.12.jar;C:\Users\1378\.
Launcher Type: SUN_STANDARD

[Global flags]
     intx CICompilerCount                          = 4                                         {product} {ergonomic}
     uint ConcGCThreads                            = 3                                         {product} {ergonomic}
     uint G1ConcRefinementThreads                  = 10                                        {product} {ergonomic}
   size_t G1HeapRegionSize                         = 1048576                                   {product} {ergonomic}
    uintx GCDrainStackTargetSize                   = 64                                        {product} {ergonomic}
   size_t InitialHeapSize                          = 98566144                                  {product} {ergonomic}
   size_t MarkStackSize                            = 4194304                                   {product} {ergonomic}
   size_t MaxHeapSize                              = 1574961152                                {product} {ergonomic}
   size_t MaxNewSize                               = 944766976                                 {product} {ergonomic}
   size_t MinHeapDeltaBytes                        = 1048576                                   {product} {ergonomic}
   size_t MinHeapSize                              = 8388608                                   {product} {ergonomic}
    uintx NonNMethodCodeHeapSize                   = 5839372                                {pd product} {ergonomic}
    uintx NonProfiledCodeHeapSize                  = 122909434                              {pd product} {ergonomic}
    uintx ProfiledCodeHeapSize                     = 122909434                              {pd product} {ergonomic}
    uintx ReservedCodeCacheSize                    = 251658240                              {pd product} {ergonomic}
     bool SegmentedCodeCache                       = true                                      {product} {ergonomic}
   size_t SoftMaxHeapSize                          = 1574961152                             {manageable} {ergonomic}
     bool UseCompressedClassPointers               = true                           {product lp64_product} {ergonomic}
     bool UseCompressedOops                        = true                           {product lp64_product} {ergonomic}
     bool UseG1GC                                  = true                                      {product} {ergonomic}
     bool UseLargePagesIndividualAllocation        = false                                  {pd product} {ergonomic}

Logging:
Log output configuration:
 #0: stdout all=warning uptime,level,tags
 #1: stderr all=off uptime,level,tags

Environment Variables:
JAVA_HOME=C:\Program Files\Java\jdk-17.0.3
PATH=C:\Program Files\Common Files\Oracle\Java\javapath;C:\Windows\system32;C:\Windows;C:\Windows\System32\Wbem;C:\Windows\System32\WindowsPowerShell\v1.0\;C:\Windows\System32\OpenSSH\;C:\Program Files\Microsoft SQL Server\Client SDK\ODBC\170\Tools\Binn\;C:\Program Files (x86)\Microsoft SQL Server\150\Tools\Binn\;C:\Program Files\Microsoft SQL Server\150\Tools\Binn\;C:\Program Files\Microsoft SQL Server\150\DTS\Binn\;C:\Program Files (x86)\Microsoft SQL Server\150\DTS\Binn\;C:\Program Files\Java\jdk-17.0.3\bin;C:\Program Files\apache-maven-3.8.6\bin;C:\Users\1378\AppData\Local\Microsoft\WindowsApps;;C:\Users\1378\AppData\Local\Programs\Microsoft VS Code\bin
USERNAME=1378
OS=Windows_NT
PROCESSOR_IDENTIFIER=AMD64 Family 23 Model 104 Stepping 1, AuthenticAMD



---------------  S Y S T E M  ---------------

OS:
 Windows 10 , 64 bit Build 19041 (10.0.19041.1889)
OS uptime: 17 days 6:20 hours

CPU: total 12 (initial active 12) (12 cores per cpu, 2 threads per core) family 23 model 104 stepping 1 microcode 0x0, cx8, cmov, fxsr, ht, mmx, 3dnowpref, sse, sse2, sse3, ssse3, sse4a, sse4.1, sse4.2, popcnt, lzcnt, tsc, tscinvbit, avx, avx2, aes, clmul, bmi1, bmi2, adx, sha, fma, vzeroupper, clflush, clflushopt

Memory: 4k page, system-wide physical 6005M (345M free)
TotalPageFile size 24437M (AvailPageFile size 3M)
current process WorkingSet (physical memory assigned to process): 105M, peak: 327M
current process commit charge ("private bytes"): 393M, peak: 413M

vm_info: Java HotSpot(TM) 64-Bit Server VM (17.0.3+8-LTS-111) for windows-amd64 JRE (17.0.3+8-LTS-111), built on Mar  9 2022 22:40:21 by "mach5one" with MS VC++ 16.8 / 16.9 (VS2019)

END.
